<?xml version="1.0" encoding="UTF-8"?>
<!-- Generated by org.testng.reporters.JUnitReportReporter -->
<testsuite hostname="DESKTOP-F9S85B0" failures="0" tests="1" name="testCases.TC001_AccountRegistrationTest" time="4.654" errors="0" timestamp="2025-03-27T08:58:59 IST" skipped="0">
  <testcase classname="testCases.TC001_AccountRegistrationTest" name="verify_accout_registraion" time="4.654"/>
</testsuite> <!-- testCases.TC001_AccountRegistrationTest -->
