<?xml version="1.0" encoding="UTF-8"?>
<!-- Generated by org.testng.reporters.JUnitReportReporter -->
<testsuite hostname="DESKTOP-F9S85B0" failures="0" tests="1" name="testCases.TC002_LoginTest" time="2.248" errors="0" timestamp="2025-03-29T07:06:54 IST" skipped="0">
  <testcase classname="testCases.TC002_LoginTest" name="verify_login" time="2.248"/>
</testsuite> <!-- testCases.TC002_LoginTest -->
